SIMLOG:: Cycle           4 PC: 00000000 I: 0000c1ff R: 0   0 00000000 M: 0 0 00000000 00000000
SIMLOG:: Cycle           5 PC: 00000002 I: 00008942 R: 0   0 00000000 M: 0 0 00000000 00000000
SIMLOG:: Cycle           6 PC: 00000004 I: 0000da4c R: 0   0 00000000 M: 0 0 00000000 00000000
SIMLOG:: Cycle           7 PC: 00000006 I: 0000db70 R: 0   0 00000000 M: 0 0 0000ffff 00000000
SIMLOG:: Cycle           8 PC: 00000006 I: 0000db70 R: 1   1 0000ffff M: 1 0 00000001 00000000
SIMLOG:: Cycle           9 PC: 00000008 I: 00008963 R: 1   2 0000ff89 M: 0 0 00000002 00000001
SIMLOG:: Cycle          10 PC: 0000000a I: 00008163 R: 0   3 00000002 M: 0 0 0000ff12 0000ff89
SIMLOG:: Cycle          11 PC: 0000000c I: 00000000 R: 1   3 0000ff12 M: 0 0 0000fe24 0000ff12
SIMLOG:: Cycle          12 PC: 0000000c I: 00000000 R: 1   4 0000fe24 M: 1 0 00000002 0000ff12
SIMLOG:: Cycle          13 PC: 0000000e I: 00000000 R: 1   3 00008942 M: 0 0 00000002 00000002
SIMLOG:: Cycle          14 PC: 0000000e I: 00000000 R: 0   0 00000002 M: 0 1 00000002 00008942
SIMLOG:: Cycle          15 PC: 0000000e I: 00000000 R: 0   0 00000002 M: 0 0 00000000 00000000
SIMLOG:: Cycle          16 PC: 0000000e I: 00000000 R: 0   0 00000000 M: 0 0 00000000 00000000
SIMLOG:: Processor halted

SIMLOG:: sim_cycles          16

SIMLOG:: inst_count           7

SIMLOG:: dcachehit_count           2

SIMLOG:: icachehit_count           2

SIMLOG:: dcachereq_count           2

SIMLOG:: icachereq_count           2

